(---------------------------------------------------------------------)
(                                                                     )
(    Allegro Netrev Import Logic                                      )
(                                                                     )
(    Drawing          : LAUNCHXL-CC1350.brd                           )
(    Software Version : 16.6S026                                      )
(    Date/Time        : Thu Oct 22 14:13:52 2015                      )
(                                                                     )
(---------------------------------------------------------------------)


------ Directives ------------

Ripup etch:                  No
Ripup delete first segment:  No
Ripup retain bondwire:       No
Ripup symbols:               Always
Missing symbol has error:    No
DRC update:                  Yes
Schematic directory:         'C:/Apps/Layout/PCBdesigns/CC1350_launchpad/LAUNCHXL-CC1350_1_0_0/LAUNCHXL-CC1350_1_0_0_Cadence/Allegro'
Design Directory:            '.'
Old design name:             'C:/Apps/Layout/PCBdesigns/CC1350_launchpad/LAUNCHXL-CC1350_1_0_0/LAUNCHXL-CC1350_1_0_0_Cadence/Allegro/LAUNCHXL-CC1350.brd'
New design name:             'C:/Apps/Layout/PCBdesigns/CC1350_launchpad/LAUNCHXL-CC1350_1_0_0/LAUNCHXL-CC1350_1_0_0_Cadence/Allegro/LAUNCHXL-CC1350.brd'

CmdLine: netrev -$ -i C:/Apps/Layout/PCBdesigns/CC1350_launchpad/LAUNCHXL-CC1350_1_0_0/LAUNCHXL-CC1350_1_0_0_Cadence/Allegro -y 1 -z -v C:/Apps/Layout/PCBdesigns/CC1350_launchpad/LAUNCHXL-CC1350_1_0_0/LAUNCHXL-CC1350_1_0_0_Cadence/Allegro/#Taaaaaf01980.tmp

------ Preparing to read pst files ------

Starting to read C:/Apps/Layout/PCBdesigns/CC1350_launchpad/LAUNCHXL-CC1350_1_0_0/LAUNCHXL-CC1350_1_0_0_Cadence/Allegro/pstchip.dat 
   Finished reading C:/Apps/Layout/PCBdesigns/CC1350_launchpad/LAUNCHXL-CC1350_1_0_0/LAUNCHXL-CC1350_1_0_0_Cadence/Allegro/pstchip.dat (00:00:00.04)
Starting to read C:/Apps/Layout/PCBdesigns/CC1350_launchpad/LAUNCHXL-CC1350_1_0_0/LAUNCHXL-CC1350_1_0_0_Cadence/Allegro/pstxprt.dat 
   Finished reading C:/Apps/Layout/PCBdesigns/CC1350_launchpad/LAUNCHXL-CC1350_1_0_0/LAUNCHXL-CC1350_1_0_0_Cadence/Allegro/pstxprt.dat (00:00:00.00)
Starting to read C:/Apps/Layout/PCBdesigns/CC1350_launchpad/LAUNCHXL-CC1350_1_0_0/LAUNCHXL-CC1350_1_0_0_Cadence/Allegro/pstxnet.dat 
   Finished reading C:/Apps/Layout/PCBdesigns/CC1350_launchpad/LAUNCHXL-CC1350_1_0_0/LAUNCHXL-CC1350_1_0_0_Cadence/Allegro/pstxnet.dat (00:00:00.00)

------ Oversights/Warnings/Errors ------


#1   WARNING(SPMHNI-192): Device/Symbol check warning detected. [help]

WARNING(SPMHNI-194): Symbol 'QFN50P150X150X60-8AL {RefDes CR8}' for device 'DIODE_TVS_TPD6E004_QFN8_V1_0_QF' not found in PSMPATH or must be "dbdoctor"ed.

------ Library Paths ------
MODULEPATH =  . 
           C:/Cadence/SPB_16.6/share/local/pcb/modules 

PSMPATH =  . 
           symbols 
           .. 
           ../symbols 
           C:/Cadence/SPB_16.6/share/local/pcb/symbols 
           C:/Cadence/SPB_16.6/share/pcb/pcb_lib/symbols 
           C:/Cadence/SPB_16.6/share/pcb/allegrolib/symbols 
           x:/Footprints 
           x:/padstacks 
           X:/Layout_graphics/ 

PADPATH =  . 
           symbols 
           .. 
           ../symbols 
           C:/Cadence/SPB_16.6/share/local/pcb/padstacks 
           C:/Cadence/SPB_16.6/share/pcb/pcb_lib/symbols 
           C:/Cadence/SPB_16.6/share/pcb/allegrolib/symbols 
           x:/padstacks 
           x:/Footprints 


------ Summary Statistics ------


netrev run on Oct 22 14:13:52 2015
   DESIGN NAME : 'LAUNCHXL-CC1350'
   PACKAGING ON Jan 13 2014 18:46:08

   COMPILE 'logic'
   CHECK_PIN_NAMES OFF
   CROSS_REFERENCE OFF
   FEEDBACK OFF
   INCREMENTAL OFF
   INTERFACE_TYPE PHYSICAL
   MAX_ERRORS 500
   MERGE_MINIMUM 5
   NET_NAME_CHARS '#%&()*+-./:=>?@[]^_`|'
   NET_NAME_LENGTH 24
   OVERSIGHTS ON
   REPLACE_CHECK OFF
   SINGLE_NODE_NETS ON
   SPLIT_MINIMUM 0
   SUPPRESS   20
   WARNINGS ON

 No error detected
 No oversight detected
  1 warnings detected

cpu time      0:02:49
elapsed time  0:00:01

