(---------------------------------------------------------------------)
(                                                                     )
(    NC DRILL Log                                                     )
(                                                                     )
(    Drawing          : #Taaaacc09552.tmp                             )
(    Software Version : 16.6S019                                      )
(    Date/Time        : Wed Nov 09 12:48:31 2016                      )
(                                                                     )
(---------------------------------------------------------------------)



 Processing NC Parameters file 'nc_param.txt' ...

 NC PARAMETERS
 -------------

 FORMAT   		4.3
 MACHINE-OFFSET		x:0.000000	y:0.000000
 FEEDRATE		1
 COORDINATES		ABSOLUTE
 OUTPUT-UNITS		METRIC
 TOOL-ORDER		INCREASING
 REPEAT-CODES		NO
 SUPPRESS-LEAD-ZEROES	NO
 SUPPRESS-TRAIL-ZEROES	NO
 SUPPRESS-EQUAL		NO
 TOOL-SELECT		YES
 HEADER			none
 LEADER			12
 CODE			ASCII
 SEPARATE		YES
 SEPARATE-ROUTING	NO
 OPTIMIZE_DRILLING	NO
 ENHANCED_EXCELLON	NO
 SCALE			1.000000

 WARNING(SPMHMF-360): Design precision is greater than that of the drill output file data.
 WARNING(SPMHMF-361): Data rounding errors are very possible.
 WARNING(SPMHMF-365): This design contains 2 slot holes that can NOT be drilled.
 WARNING(SPMHMF-366): They can be processed by NC routing instead.
 WARNING(SPMHMF-368): Cannot find NC Drill tool file 'nc_tools.txt'
 WARNING(SPMHMF-369): ... will auto-generate tool file 'nc_tools_auto.txt'.


     Auto-generating tool file 'nc_tools_auto.txt' ...

           Size  Plating  Tool        + Tolerance  - Tolerance

         0.2000  P        T01            0.000000     0.000000
         0.4000  P        T02            0.000000     0.000000
         0.9000  P        T03            0.000000     0.000000
         0.3250  N        T04            0.000000     0.000000
         0.6000  N        T05            0.000000     0.000000
         0.9000  N        T06            0.000000     0.000000


 Drill files being output to directory 'C:/kht/work/CC13xx SensorTag/Manufacture/Cadence/Allegro/art' ...



     'CC1350_SensorTag-1-4.drl' created for holes connecting TOP and BOTTOM ; Plating = PLATED
     -----------------------------------------------------------------------------------------

     Tool  Num     Size      +/- Tolerance     Plating   Quantity

     T01    1.   0.2000    0.0000/  0.0000      PLATED        300
     T02    2.   0.4000    0.0000/  0.0000      PLATED         20
     T03    3.   0.9000    0.0000/  0.0000      PLATED          4

     ---- Total holes:                                        324

     ---- Total head travel:              10.07 feet (3.07 meters)




     'CC1350_SensorTag-1-4-np.drl' created for holes connecting TOP and BOTTOM ; Plating = NON_PLATED
     ------------------------------------------------------------------------------------------------

     Tool  Num     Size      +/- Tolerance     Plating   Quantity

     T04    1.   0.3250    0.0000/  0.0000  NON_PLATED          1
     T05    2.   0.6000    0.0000/  0.0000  NON_PLATED          1
     T06    3.   0.9000    0.0000/  0.0000  NON_PLATED          2

     ---- Total holes:                                          4

     ---- Total head travel:              0.14 feet (0.04 meters)

