(---------------------------------------------------------------------)
(                                                                     )
(    NC DRILL Log                                                     )
(                                                                     )
(    Drawing          : #Taaaaai14556.tmp                             )
(    Software Version : 16.6S019                                      )
(    Date/Time        : Mon Jun 06 16:04:15 2016                      )
(                                                                     )
(---------------------------------------------------------------------)



 Processing NC Parameters file 'nc_param.txt' ...

 NC PARAMETERS
 -------------

 FORMAT   		4.3
 MACHINE-OFFSET		x:0.000000	y:0.000000
 FEEDRATE		1
 COORDINATES		ABSOLUTE
 OUTPUT-UNITS		METRIC
 TOOL-ORDER		INCREASING
 REPEAT-CODES		NO
 SUPPRESS-LEAD-ZEROES	NO
 SUPPRESS-TRAIL-ZEROES	NO
 SUPPRESS-EQUAL		NO
 TOOL-SELECT		YES
 HEADER			none
 LEADER			12
 CODE			ASCII
 SEPARATE		YES
 SEPARATE-ROUTING	NO
 OPTIMIZE_DRILLING	NO
 ENHANCED_EXCELLON	NO
 SCALE			1.000000

 WARNING(SPMHMF-358): Design precision is the same as that of the drill output file data.
 WARNING(SPMHMF-359): Data rounding errors may still be possible.
 WARNING(SPMHMF-365): This design contains 2 slot holes that can NOT be drilled.
 WARNING(SPMHMF-366): They can be processed by NC routing instead.
 WARNING(SPMHMF-368): Cannot find NC Drill tool file 'nc_tools.txt'
 WARNING(SPMHMF-369): ... will auto-generate tool file 'nc_tools_auto.txt'.


     Auto-generating tool file 'nc_tools_auto.txt' ...

           Size  Plating  Tool        + Tolerance  - Tolerance

          0.200  P        T01            0.000000     0.000000
          0.201  P        T02            0.000000     0.000000
          1.050  P        T03            0.000000     0.000000
          1.100  P        T04            0.000000     0.000000
          3.200  P        T05            0.000000     0.000000
          0.899  N        T06            0.000000     0.000000
          1.001  N        T07            0.000000     0.000000
          3.200  N        T08            0.000000     0.000000


 Drill files being output to directory 'C:/kht/work/CC2650_LaunchPad/LAUNCHXL-CC1650_1_3_0/Cadence/Allegro/art' ...



     'drill-1-4.drl' created for holes connecting TOP and BOTTOM ; Plating = PLATED
     ------------------------------------------------------------------------------

     Tool  Num     Size      +/- Tolerance     Plating   Quantity

     T01    1.   0.2000    0.0000/  0.0000      PLATED        386
     T02    2.   0.2010    0.0000/  0.0000      PLATED         25
     T03    3.   1.0500    0.0000/  0.0000      PLATED         75
     T04    4.   1.1000    0.0000/  0.0000      PLATED          1
     T05    5.   3.2000    0.0000/  0.0000      PLATED          2

     ---- Total holes:                                        489

     ---- Total head travel:              15.00 feet (4.57 meters)




     'drill-1-4-np.drl' created for holes connecting TOP and BOTTOM ; Plating = NON_PLATED
     -------------------------------------------------------------------------------------

     Tool  Num     Size      +/- Tolerance     Plating   Quantity

     T06    1.   0.8990    0.0000/  0.0000  NON_PLATED          6
     T07    2.   1.0010    0.0000/  0.0000  NON_PLATED          3
     T08    3.   3.2000    0.0000/  0.0000  NON_PLATED          4

     ---- Total holes:                                         13

     ---- Total head travel:              1.11 feet (0.34 meters)

