(---------------------------------------------------------------------)
(                                                                     )
(    ARTWORK LOG                                                      )
(                                                                     )
(    Drawing          : CC13xxEM-7XD-4251.brd                         )
(    Software Version : 16.6S026                                      )
(    Date/Time        : Mon Nov 23 14:20:39 2015                      )
(                                                                     )
(---------------------------------------------------------------------)


 ---- Photoplot outline rectangle not found; using drawing extents.



Results from parameter file ...
    DEVICE-TYPE           GERBER_RS274X
    OUTPUT-UNITS          MM
    FILM-SIZE             2000000 700000
    FORMAT                4.4
    ABORT-ON-ERROR        NO
    SCALE                 1
    SUPPRESS-LEAD-ZEROES  YES
    SUPPRESS-TRAIL-ZEROES NO
    SUPPRESS-EQUAL        YES
    UNDEF-APT-CONT        NO


================================================================
     PROCESSING FILM < paste_top >
     TO FILE < C:/svn_work/cc13xx/CC13xx_EM_Design/7x7/CC13xxEM-7XD-4251/Cadence/Allegro/paste_top.art > ...
================================================================

  FILM PARAMETERS :
  ---------------------------------------------------------
  Undefined line width                0.020
  Mirror code                         NONE
  Rotate angle                        NONE
  Offset x:                           0.000
  Offset y:                           0.000
  Plot negative                       NO
  Suppress unconnected internal pads  NO
  Draw holes only                     NO



  APERTURES USED:
  ---------------------------------------------------------
  TYPE       SIZE/NAME                   ROT   MIRROR MODE 
  ---------------------------------------------------------
  CIRCLE     0.02000                                  DARK 
  CIRCLE     1.80100                                  DARK 
  SQUARE     5.25000                     0.000 NO     DARK 
  OBLONG     0.30000     x 0.90000       0.000 NO     DARK 
  OBLONG     0.30000     x 0.90000      90.000 NO     DARK 
  PAD SHAPE  SHAPE_540RECT550            0.000 NO     DARK 
  PAD SHAPE  SHAPE_750RECT900            0.000 NO     DARK 
  PAD SHAPE  SHAPE_550RECT600            0.000 NO     DARK 
  PAD SHAPE  SHAPE_1050RECT1250          0.000 NO     DARK 
  PAD SHAPE  SHAPE_750RECTX900           0.000 NO     DARK 
  PAD SHAPE  SHAPE_2000RECT2000          0.000 NO     DARK 
  PAD SHAPE  SHAPE_540RECT550           90.000 NO     DARK 
  PAD SHAPE  SHAPE_550RECT600           90.000 NO     DARK 
  PAD SHAPE  SHAPE_540RECT550          180.000 NO     DARK 
  PAD SHAPE  SHAPE_550RECT600          180.000 NO     DARK 
  PAD SHAPE  SHAPE_750RECT900          180.000 NO     DARK 
  PAD SHAPE  SHAPE_1000RECT1800        270.000 NO     DARK 
  PAD SHAPE  SHAPE_540RECT550          270.000 NO     DARK 
  PAD SHAPE  SHAPE_750RECT900          270.000 NO     DARK 
  PAD SHAPE  SHAPE_950RECT1350         270.000 NO     DARK 
  PAD SHAPE  SHAPE_750RECTX900         270.000 NO     DARK 

     paste_top created.


================================================================
     PROCESSING FILM < paste_bottom >
     TO FILE < C:/svn_work/cc13xx/CC13xx_EM_Design/7x7/CC13xxEM-7XD-4251/Cadence/Allegro/paste_bottom.art > ...
================================================================

  FILM PARAMETERS :
  ---------------------------------------------------------
  Undefined line width                0.020
  Mirror code                         NONE
  Rotate angle                        NONE
  Offset x:                           0.000
  Offset y:                           0.000
  Plot negative                       NO
  Suppress unconnected internal pads  NO
  Draw holes only                     NO



  APERTURES USED:
  ---------------------------------------------------------
  TYPE       SIZE/NAME                   ROT   MIRROR MODE 
  ---------------------------------------------------------
  CIRCLE     0.02000                                  DARK 
  OBLONG     0.65000     x 2.05000      90.000 NO     DARK 

     paste_bottom created.


================================================================
     PROCESSING FILM < soldmask_top >
     TO FILE < C:/svn_work/cc13xx/CC13xx_EM_Design/7x7/CC13xxEM-7XD-4251/Cadence/Allegro/soldmask_top.art > ...
================================================================

  FILM PARAMETERS :
  ---------------------------------------------------------
  Undefined line width                0.020
  Mirror code                         NONE
  Rotate angle                        NONE
  Offset x:                           0.000
  Offset y:                           0.000
  Plot negative                       NO
  Suppress unconnected internal pads  NO
  Draw holes only                     NO



  APERTURES USED:
  ---------------------------------------------------------
  TYPE       SIZE/NAME                   ROT   MIRROR MODE 
  ---------------------------------------------------------
  CIRCLE     0.02000                                  DARK 
  CIRCLE     1.69900                                  DARK 
  CIRCLE     1.95100                                  DARK 
  SQUARE     1.15000                     0.000 NO     DARK 
  SQUARE     5.40000                     0.000 NO     DARK 
  OBLONG     0.40000     x 1.00000       0.000 NO     DARK 
  OBLONG     0.40000     x 1.00000      90.000 NO     DARK 
  OBLONG     1.15000     x 1.15000       0.000 NO     DARK 
  PAD SHAPE  SHAPE_700RECT750            0.000 NO     DARK 
  PAD SHAPE  SHAPE_640RECT650            0.000 NO     DARK 
  PAD SHAPE  SHAPE_2150RECT2150          0.000 NO     DARK 
  PAD SHAPE  SHAPE_1200RECT1400          0.000 NO     DARK 
  PAD SHAPE  SHAPE_900RECTX1050          0.000 NO     DARK 
  PAD SHAPE  SHAPE_900RECT1050           0.000 NO     DARK 
  PAD SHAPE  SHAPE_700RECT750           90.000 NO     DARK 
  PAD SHAPE  SHAPE_640RECT650           90.000 NO     DARK 
  PAD SHAPE  SHAPE_700RECT750          180.000 NO     DARK 
  PAD SHAPE  SHAPE_900RECT1050         180.000 NO     DARK 
  PAD SHAPE  SHAPE_640RECT650          180.000 NO     DARK 
  PAD SHAPE  SHAPE_1100RECT1500        270.000 NO     DARK 
  PAD SHAPE  SHAPE_640RECT650          270.000 NO     DARK 
  PAD SHAPE  SHAPE_900RECT1050         270.000 NO     DARK 
  PAD SHAPE  SHAPE_900RECTX1050        270.000 NO     DARK 
  PAD SHAPE  SHAPE_1150RECT1950        270.000 NO     DARK 

     soldmask_top created.


================================================================
     PROCESSING FILM < soldmask_bottom >
     TO FILE < C:/svn_work/cc13xx/CC13xx_EM_Design/7x7/CC13xxEM-7XD-4251/Cadence/Allegro/soldmask_bottom.art > ...
================================================================

  FILM PARAMETERS :
  ---------------------------------------------------------
  Undefined line width                0.020
  Mirror code                         NONE
  Rotate angle                        NONE
  Offset x:                           0.000
  Offset y:                           0.000
  Plot negative                       NO
  Suppress unconnected internal pads  NO
  Draw holes only                     NO



  APERTURES USED:
  ---------------------------------------------------------
  TYPE       SIZE/NAME                   ROT   MIRROR MODE 
  ---------------------------------------------------------
  CIRCLE     0.02000                                  DARK 
  CIRCLE     0.60000                                  DARK 
  CIRCLE     0.65000                                  DARK 
  CIRCLE     1.69900                                  DARK 
  OBLONG     0.80000     x 2.20000      90.000 NO     DARK 
  OBLONG     1.15000     x 1.15000       0.000 NO     DARK 

     soldmask_bottom created.


================================================================
     PROCESSING FILM < silk_top >
     TO FILE < C:/svn_work/cc13xx/CC13xx_EM_Design/7x7/CC13xxEM-7XD-4251/Cadence/Allegro/silk_top.art > ...
================================================================

  FILM PARAMETERS :
  ---------------------------------------------------------
  Undefined line width                0.020
  Mirror code                         NONE
  Rotate angle                        NONE
  Offset x:                           0.000
  Offset y:                           0.000
  Plot negative                       NO
  Suppress unconnected internal pads  NO
  Draw holes only                     NO



  APERTURES USED:
  ---------------------------------------------------------
  TYPE       SIZE/NAME                   ROT   MIRROR MODE 
  ---------------------------------------------------------
  CIRCLE     0.02000                                  DARK 
  CIRCLE     0.10000                                  DARK 
  CIRCLE     0.30000                                  DARK 

     silk_top created.


================================================================
     PROCESSING FILM < silk_bottom >
     TO FILE < C:/svn_work/cc13xx/CC13xx_EM_Design/7x7/CC13xxEM-7XD-4251/Cadence/Allegro/silk_bottom.art > ...
================================================================

  FILM PARAMETERS :
  ---------------------------------------------------------
  Undefined line width                0.020
  Mirror code                         NONE
  Rotate angle                        NONE
  Offset x:                           0.000
  Offset y:                           0.000
  Plot negative                       NO
  Suppress unconnected internal pads  NO
  Draw holes only                     NO



  APERTURES USED:
  ---------------------------------------------------------
  TYPE       SIZE/NAME                   ROT   MIRROR MODE 
  ---------------------------------------------------------
  CIRCLE     0.02000                                  DARK 
  CIRCLE     0.10000                                  DARK 

     silk_bottom created.


================================================================
     PROCESSING FILM < assembly_bottom >
     TO FILE < C:/svn_work/cc13xx/CC13xx_EM_Design/7x7/CC13xxEM-7XD-4251/Cadence/Allegro/assembly_bottom.art > ...
================================================================

  FILM PARAMETERS :
  ---------------------------------------------------------
  Undefined line width                0.020
  Mirror code                         NONE
  Rotate angle                        NONE
  Offset x:                           0.000
  Offset y:                           0.000
  Plot negative                       NO
  Suppress unconnected internal pads  NO
  Draw holes only                     NO

    WARNING: 0 width line found at (109.460 98.506)
           ... using undefined line width of 0.020

    WARNING: Multiple 0 width lines; all will be treated the same as the first.
           ... using undefined line width of 0.020



  APERTURES USED:
  ---------------------------------------------------------
  TYPE       SIZE/NAME                   ROT   MIRROR MODE 
  ---------------------------------------------------------
  CIRCLE     0.02000                                  DARK 
  CIRCLE     0.10000                                  DARK 

     assembly_bottom created with warnings


================================================================
     PROCESSING FILM < assembly_top >
     TO FILE < C:/svn_work/cc13xx/CC13xx_EM_Design/7x7/CC13xxEM-7XD-4251/Cadence/Allegro/assembly_top.art > ...
================================================================

  FILM PARAMETERS :
  ---------------------------------------------------------
  Undefined line width                0.020
  Mirror code                         NONE
  Rotate angle                        NONE
  Offset x:                           0.000
  Offset y:                           0.000
  Plot negative                       NO
  Suppress unconnected internal pads  NO
  Draw holes only                     NO



  APERTURES USED:
  ---------------------------------------------------------
  TYPE       SIZE/NAME                   ROT   MIRROR MODE 
  ---------------------------------------------------------
  CIRCLE     0.02000                                  DARK 
  CIRCLE     0.05000                                  DARK 
  CIRCLE     0.05100                                  DARK 

     assembly_top created.


================================================================
     PROCESSING FILM < drill >
     TO FILE < C:/svn_work/cc13xx/CC13xx_EM_Design/7x7/CC13xxEM-7XD-4251/Cadence/Allegro/drill.art > ...
================================================================

  FILM PARAMETERS :
  ---------------------------------------------------------
  Undefined line width                0.020
  Mirror code                         NONE
  Rotate angle                        NONE
  Offset x:                           0.000
  Offset y:                           0.000
  Plot negative                       NO
  Suppress unconnected internal pads  NO
  Draw holes only                     NO

    WARNING: text composed 0 width line found at (117.940 69.250)
           ... using undefined line width of 0.020

    WARNING: text having Multiple 0 width lines; all will be treated the same as the first.
           ... using undefined line width of 0.020



  APERTURES USED:
  ---------------------------------------------------------
  TYPE       SIZE/NAME                   ROT   MIRROR MODE 
  ---------------------------------------------------------
  CIRCLE     0.02000                                  DARK 

     drill created with warnings


================================================================
     PROCESSING FILM < assembly_bot_mirror >
     TO FILE < C:/svn_work/cc13xx/CC13xx_EM_Design/7x7/CC13xxEM-7XD-4251/Cadence/Allegro/assembly_bot_mirror.art > ...
================================================================

  FILM PARAMETERS :
  ---------------------------------------------------------
  Undefined line width                0.020
  Mirror code                         X
  Rotate angle                        NONE
  Offset x:                           0.000
  Offset y:                           0.000
  Plot negative                       NO
  Suppress unconnected internal pads  NO
  Draw holes only                     NO



  APERTURES USED:
  ---------------------------------------------------------
  TYPE       SIZE/NAME                   ROT   MIRROR MODE 
  ---------------------------------------------------------
  CIRCLE     0.02000                                  DARK 
  CIRCLE     0.10000                                  DARK 

     assembly_bot_mirror created.


================================================================
     PROCESSING FILM < Top >
     TO FILE < C:/svn_work/cc13xx/CC13xx_EM_Design/7x7/CC13xxEM-7XD-4251/Cadence/Allegro/Top.art > ...
================================================================

  FILM PARAMETERS :
  ---------------------------------------------------------
  Undefined line width                0.020
  Mirror code                         NONE
  Rotate angle                        NONE
  Offset x:                           0.000
  Offset y:                           0.000
  Plot negative                       NO
  Suppress unconnected internal pads  NO
  Draw holes only                     NO



  APERTURES USED:
  ---------------------------------------------------------
  TYPE       SIZE/NAME                   ROT   MIRROR MODE 
  ---------------------------------------------------------
  CIRCLE     0.02000                                  DARK 
  CIRCLE     0.09900                                  DARK 
  CIRCLE     0.15000                                  DARK 
  CIRCLE     0.20000                                  DARK 
  CIRCLE     0.30000                                  DARK 
  CIRCLE     0.32000                                  DARK 
  CIRCLE     0.50000                                  DARK 
  CIRCLE     0.70000                                  DARK 
  CIRCLE     0.73000                                  DARK 
  CIRCLE     0.80000                                  DARK 
  CIRCLE     1.00000                                  DARK 
  CIRCLE     1.80100                                  DARK 
  SQUARE     1.00000                     0.000 NO     DARK 
  SQUARE     5.25000                     0.000 NO     DARK 
  OBLONG     0.30000     x 0.90000       0.000 NO     DARK 
  OBLONG     0.30000     x 0.90000      90.000 NO     DARK 
  OBLONG     1.00000     x 1.00000       0.000 NO     DARK 
  PAD SHAPE  SHAPE_550RECT600            0.000 NO     DARK 
  PAD SHAPE  SHAPE_750RECT900            0.000 NO     DARK 
  PAD SHAPE  SHAPE_540RECT550            0.000 NO     DARK 
  PAD SHAPE  SHAPE_1050RECT1250          0.000 NO     DARK 
  PAD SHAPE  SHAPE_750RECTX900           0.000 NO     DARK 
  PAD SHAPE  SHAPE_2000RECT2000          0.000 NO     DARK 
  PAD SHAPE  SHAPE_540RECT550           90.000 NO     DARK 
  PAD SHAPE  SHAPE_550RECT600           90.000 NO     DARK 
  PAD SHAPE  SHAPE_540RECT550          180.000 NO     DARK 
  PAD SHAPE  SHAPE_750RECT900          180.000 NO     DARK 
  PAD SHAPE  SHAPE_550RECT600          180.000 NO     DARK 
  PAD SHAPE  SHAPE_750RECTX900         270.000 NO     DARK 
  PAD SHAPE  SHAPE_1000RECT1800        270.000 NO     DARK 
  PAD SHAPE  SHAPE_540RECT550          270.000 NO     DARK 
  PAD SHAPE  SHAPE_950RECT1350         270.000 NO     DARK 
  PAD SHAPE  SHAPE_750RECT900          270.000 NO     DARK 

     Top created.


================================================================
     PROCESSING FILM < Bottom >
     TO FILE < C:/svn_work/cc13xx/CC13xx_EM_Design/7x7/CC13xxEM-7XD-4251/Cadence/Allegro/Bottom.art > ...
================================================================

  FILM PARAMETERS :
  ---------------------------------------------------------
  Undefined line width                0.020
  Mirror code                         NONE
  Rotate angle                        NONE
  Offset x:                           0.000
  Offset y:                           0.000
  Plot negative                       NO
  Suppress unconnected internal pads  NO
  Draw holes only                     NO



  APERTURES USED:
  ---------------------------------------------------------
  TYPE       SIZE/NAME                   ROT   MIRROR MODE 
  ---------------------------------------------------------
  CIRCLE     0.02000                                  DARK 
  CIRCLE     0.09900                                  DARK 
  CIRCLE     0.15000                                  DARK 
  CIRCLE     0.50000                                  DARK 
  CIRCLE     0.80000                                  DARK 
  OBLONG     0.65000     x 2.05000      90.000 NO     DARK 
  OBLONG     1.00000     x 1.00000       0.000 NO     DARK 

     Bottom created.


================================================================
     PROCESSING FILM < review_top >
     TO FILE < C:/svn_work/cc13xx/CC13xx_EM_Design/7x7/CC13xxEM-7XD-4251/Cadence/Allegro/review_top.art > ...
================================================================

  FILM PARAMETERS :
  ---------------------------------------------------------
  Undefined line width                0.020
  Mirror code                         NONE
  Rotate angle                        NONE
  Offset x:                           0.000
  Offset y:                           0.000
  Plot negative                       NO
  Suppress unconnected internal pads  NO
  Draw holes only                     NO



  APERTURES USED:
  ---------------------------------------------------------
  TYPE       SIZE/NAME                   ROT   MIRROR MODE 
  ---------------------------------------------------------
  CIRCLE     0.02000                                  DARK 
  CIRCLE     0.05000                                  DARK 
  CIRCLE     0.05100                                  DARK 
  CIRCLE     0.10000                                  DARK 
  CIRCLE     0.15000                                  DARK 
  CIRCLE     0.20000                                  DARK 
  CIRCLE     0.30000                                  DARK 
  CIRCLE     0.32000                                  DARK 
  CIRCLE     0.50000                                  DARK 
  CIRCLE     0.70000                                  DARK 
  CIRCLE     0.73000                                  DARK 
  CIRCLE     1.00000                                  DARK 
  CIRCLE     1.69900                                  DARK 
  CIRCLE     1.95100                                  DARK 
  SQUARE     1.15000                     0.000 NO     DARK 
  SQUARE     5.40000                     0.000 NO     DARK 
  OBLONG     0.40000     x 1.00000       0.000 NO     DARK 
  OBLONG     0.40000     x 1.00000      90.000 NO     DARK 
  OBLONG     1.15000     x 1.15000       0.000 NO     DARK 
  PAD SHAPE  SHAPE_900RECT1050           0.000 NO     DARK 
  PAD SHAPE  SHAPE_700RECT750            0.000 NO     DARK 
  PAD SHAPE  SHAPE_2150RECT2150          0.000 NO     DARK 
  PAD SHAPE  SHAPE_640RECT650            0.000 NO     DARK 
  PAD SHAPE  SHAPE_900RECTX1050          0.000 NO     DARK 
  PAD SHAPE  SHAPE_1200RECT1400          0.000 NO     DARK 
  PAD SHAPE  SHAPE_640RECT650           90.000 NO     DARK 
  PAD SHAPE  SHAPE_700RECT750           90.000 NO     DARK 
  PAD SHAPE  SHAPE_700RECT750          180.000 NO     DARK 
  PAD SHAPE  SHAPE_640RECT650          180.000 NO     DARK 
  PAD SHAPE  SHAPE_900RECT1050         180.000 NO     DARK 
  PAD SHAPE  SHAPE_1100RECT1500        270.000 NO     DARK 
  PAD SHAPE  SHAPE_1150RECT1950        270.000 NO     DARK 
  PAD SHAPE  SHAPE_900RECT1050         270.000 NO     DARK 
  PAD SHAPE  SHAPE_900RECTX1050        270.000 NO     DARK 
  PAD SHAPE  SHAPE_640RECT650          270.000 NO     DARK 

     review_top created.


================================================================
     PROCESSING FILM < L2 >
     TO FILE < C:/svn_work/cc13xx/CC13xx_EM_Design/7x7/CC13xxEM-7XD-4251/Cadence/Allegro/L2.art > ...
================================================================

  FILM PARAMETERS :
  ---------------------------------------------------------
  Undefined line width                0.020
  Mirror code                         NONE
  Rotate angle                        NONE
  Offset x:                           0.000
  Offset y:                           0.000
  Plot negative                       NO
  Suppress unconnected internal pads  NO
  Draw holes only                     NO



  APERTURES USED:
  ---------------------------------------------------------
  TYPE       SIZE/NAME                   ROT   MIRROR MODE 
  ---------------------------------------------------------
  CIRCLE     0.02000                                  DARK 
  CIRCLE     0.50000                                  DARK 
  CIRCLE     0.80000                                  DARK 

     L2 created.


================================================================
     PROCESSING FILM < L3 >
     TO FILE < C:/svn_work/cc13xx/CC13xx_EM_Design/7x7/CC13xxEM-7XD-4251/Cadence/Allegro/L3.art > ...
================================================================

  FILM PARAMETERS :
  ---------------------------------------------------------
  Undefined line width                0.020
  Mirror code                         NONE
  Rotate angle                        NONE
  Offset x:                           0.000
  Offset y:                           0.000
  Plot negative                       NO
  Suppress unconnected internal pads  NO
  Draw holes only                     NO



  APERTURES USED:
  ---------------------------------------------------------
  TYPE       SIZE/NAME                   ROT   MIRROR MODE 
  ---------------------------------------------------------
  CIRCLE     0.02000                                  DARK 
  CIRCLE     0.50000                                  DARK 
  CIRCLE     0.80000                                  DARK 

     L3 created.


================================================================
     PROCESSING FILM < outline >
     TO FILE < C:/svn_work/cc13xx/CC13xx_EM_Design/7x7/CC13xxEM-7XD-4251/Cadence/Allegro/outline.art > ...
================================================================

  FILM PARAMETERS :
  ---------------------------------------------------------
  Undefined line width                0.020
  Mirror code                         NONE
  Rotate angle                        NONE
  Offset x:                           0.000
  Offset y:                           0.000
  Plot negative                       NO
  Suppress unconnected internal pads  NO
  Draw holes only                     NO



  APERTURES USED:
  ---------------------------------------------------------
  TYPE       SIZE/NAME                   ROT   MIRROR MODE 
  ---------------------------------------------------------
  CIRCLE     0.02000                                  DARK 

     outline created.


------------------------------------------------------
 SUMMARY:
        paste_top created.
        paste_bottom created.
        soldmask_top created.
        soldmask_bottom created.
        silk_top created.
        silk_bottom created.
        assembly_bottom created with warnings
        assembly_top created.
        drill created with warnings
        assembly_bot_mirror created.
        Top created.
        Bottom created.
        review_top created.
        L2 created.
        L3 created.
        outline created.

 ARTWORK had warnings
