{ Using PSTWRITER 16.6.0 d001Nov-09-2016 at 12:15:15 }

#1 WARNING(ORCAP-36038): "No_connect" property on Pin "P1.6" ignored for P1: Peripheral and Power, Peripheral (48.26, 144.78). Connecting pin to net "DP12/AUDIO FS/TDO".
#2 WARNING(ORCAP-36038): "No_connect" property on Pin "P1.8" ignored for P1: Peripheral and Power, Peripheral (48.26, 144.78). Connecting pin to net "DP8/SCLK/TDI".
#3 WARNING(ORCAP-36006): Part Name "ANTENNA_AN043_ANTENNA_AN043AN_BN_2.4GHZ" is renamed to "ANTENNA_AN043_ANTENNA_AN043AN_B".
#4 WARNING(ORCAP-36006): Part Name "ANTENNA_ANTENNA868_915MHZ_MIRROR_" is renamed to "ANTENNA_ANTENNA868_915MHZ_MIRRO".
#5 WARNING(ORCAP-36006): Part Name "CAPACITOR_CAPC1005X60N_0.4PF_CAPC1005X60L,CAPC1005X60M" is renamed to "CAPACITOR_CAPC1005X60N_0.4PF_CA".
#6 WARNING(ORCAP-36006): Part Name "BAT+_PAD_S2000OBL3600_1000M3000_BAT+" is renamed to "BAT+_PAD_S2000OBL3600_1000M3000".
#7 WARNING(ORCAP-36006): Part Name "BAT-_PAD_S2000OBL3600_1000M3000_BAT-" is renamed to "BAT-_PAD_S2000OBL3600_1000M3000".
#8 WARNING(ORCAP-36006): Part Name "BATT_3PINS_BAT_BATHLD001N_BAT-HLD-001_BAT_BATHLD001L,BAT_BATHLD001M,BAT_BATHLD001AL,BAT_BATHLD001AM" is renamed to "BATT_3PINS_BAT_BATHLD001N_BAT-H".
#9 WARNING(ORCAP-36042): Pin "+" is renamed to "+#1" as visible power pin of same name already exists in Package BATT_3PINS , BT1: Peripheral and Power, Peripheral (185.42, 48.26).
#10 WARNING(ORCAP-36042): Pin "+" is renamed to "+#2" as visible power pin of same name already exists in Package BATT_3PINS , BT1: Peripheral and Power, Peripheral (185.42, 48.26).
#11 WARNING(ORCAP-36006): Part Name "BUZZER_3PINS_BUZ_HCS0503BN_HCS0503B_BUZ_HCS0503BL,BUZ_HCS0503BM" is renamed to "BUZZER_3PINS_BUZ_HCS0503BN_HCS0".
#12 WARNING(ORCAP-36006): Part Name "CAPACITOR_CAPC1608X90L_DNM_CAPC1608X90L,CAPC1608X90M" is renamed to "CAPACITOR_CAPC1608X90L_DNM_CAPC".
#13 WARNING(ORCAP-36006): Part Name "CAPACITOR_CAPC1005X60L_DNM_0402_CAPC1005X60L,CAPC1005X60M" is renamed to "CAPACITOR_CAPC1005X60L_DNM_0402".
#14 WARNING(ORCAP-36006): Part Name "CAPACITOR_CAPC1005X60N_15PF_CAPC1005X60L,CAPC1005X60M" is renamed to "CAPACITOR_CAPC1005X60N_15PF_CAP".
#15 WARNING(ORCAP-36006): Part Name "CAPACITOR_CAPC1005X60L_1PF_CAPC1005X60L,CAPC1005X60M" is renamed to "CAPACITOR_CAPC1005X60L_1PF_CAPC".
#16 WARNING(ORCAP-36006): Part Name "CAPACITOR_CAPC1005X60N_120PF_CAPC1005X60L,CAPC1005X60M" is renamed to "CAPACITOR_CAPC1005X60N_120PF_CA".
#17 WARNING(ORCAP-36006): Part Name "CAPACITOR_CAPC1005X60N_5.6PF_CAPC1005X60M,CAPC1005X60L" is renamed to "CAPACITOR_CAPC1005X60N_5.6PF_CA".
#18 WARNING(ORCAP-36006): Part Name "CAPACITOR_CAPC1005X60N_1.8PF_CAPC1005X60L,CAPC1005X60M" is renamed to "CAPACITOR_CAPC1005X60N_1.8PF_CA".
#19 WARNING(ORCAP-36006): Part Name "CAPACITOR_CAPC1005X60L_100NF_CAPC1005X60L,CAPC1005X60M" is renamed to "CAPACITOR_CAPC1005X60L_100NF_CA".
#20 WARNING(ORCAP-36006): Part Name "CAPACITOR_CAPC1005X60L_12PF_CAPC1005X60L,CAPC1005X60M" is renamed to "CAPACITOR_CAPC1005X60L_12PF_CAP".
#21 WARNING(ORCAP-36006): Part Name "CAPACITOR_CAPC1005X60L_1UF_CAPC1005X60L,CAPC1005X60M" is renamed to "CAPACITOR_CAPC1005X60L_1UF_CAPC".
#22 WARNING(ORCAP-36006): Part Name "CAPACITOR_CAPC1005X60L_68PF_CAPC1005X60L,CAPC1005X60M" is renamed to "CAPACITOR_CAPC1005X60L_68PF_CAP".
#23 WARNING(ORCAP-36006): Part Name "CAPACITOR_CAPC1005X60L_6.8PF_CAPC1005X60L,CAPC1005X60M" is renamed to "CAPACITOR_CAPC1005X60L_6.8PF_CA".
#24 WARNING(ORCAP-36006): Part Name "CAPACITOR_CAPC0603X35N_100NF_CAPC0603X35L,CAPC0603X35M" is renamed to "CAPACITOR_CAPC0603X35N_100NF_CA".
#25 WARNING(ORCAP-36006): Part Name "CAPACITOR_CAPC0603X35L_10NF_CAPC0603X35L,CAPC0603X35M" is renamed to "CAPACITOR_CAPC0603X35L_10NF_CAP".
#26 WARNING(ORCAP-36006): Part Name "CAPACITOR_CAPC1005X60N_1UF_CAPC1005X60L,CAPC1005X60M" is renamed to "CAPACITOR_CAPC1005X60N_1UF_CAPC".
#27 WARNING(ORCAP-36006): Part Name "CAPACITOR_CAPC1608X100A2N_22UF_CAPC1608X100A2L,CAPC1608X100A2M" is renamed to "CAPACITOR_CAPC1608X100A2N_22UF_".
#28 WARNING(ORCAP-36006): Part Name "LED_LEDC1708X67L_LS L296-P2Q2-1_LEDC1708X67L,LEDC1708X67M" is renamed to "LED_LEDC1708X67L_LS L296-P2Q2-1".
#29 WARNING(ORCAP-36006): Part Name "FILTER_2PIN_FIL_BLM18HE152SN1DL_BLM18HE152SN1_FIL_BLM18HE152SN1DL,FIL_BLM18HE152SN1DM" is renamed to "FILTER_2PIN_FIL_BLM18HE152SN1DL".
#30 WARNING(ORCAP-36006): Part Name "CONN_SOCKET_2X10_J_V1_SAMTEC_LSS-110-01-F-DV-A-TR-20N_LSS-110-01-F-DV-A-TR_SAMTEC_LSS-110-01-F-DV-A-TR-20L,SAMTEC_LSS-110-01-F-DV-A-TR-20M" is renamed to "CONN_SOCKET_2X10_J_V1_SAMTEC_LS".
#31 WARNING(ORCAP-36006): Part Name "CONN_COAX_1_1_P_2MH_V1_MURATA_MM58292700RJ4_A2N_IO_MM5829-2700_MURATA_MM58292700RJ4_A2L,MURATA_MM58292700RJ4_A2M" is renamed to "CONN_COAX_1_1_P_2MH_V1_MURATA_M".
#32 WARNING(ORCAP-36006): Part Name "INDUCTOR_INDC2012X150L_6.8UH_INDC2012X150L,INDC2012X150M" is renamed to "INDUCTOR_INDC2012X150L_6.8UH_IN".
#33 WARNING(ORCAP-36006): Part Name "INDUCTOR_INDC1005X60L_68NH_IND_LQW15AL,IND_LQW15AM,INDC1005X60L,INDC1005X60M" is renamed to "INDUCTOR_INDC1005X60L_68NH_IND_".
#34 WARNING(ORCAP-36006): Part Name "INDUCTOR_INDC1005X60L_15NH_INDC1005X60L,INDC1005X60M" is renamed to "INDUCTOR_INDC1005X60L_15NH_INDC".
#35 WARNING(ORCAP-36006): Part Name "INDUCTOR_INDC1005X60L_2.4NH_INDC1005X60L,INDC1005X60M" is renamed to "INDUCTOR_INDC1005X60L_2.4NH_IND".
#36 WARNING(ORCAP-36006): Part Name "INDUCTOR_INDC1005X60N_5.6NH_INDC1005X60L,INDC1005X60M" is renamed to "INDUCTOR_INDC1005X60N_5.6NH_IND".
#37 WARNING(ORCAP-36006): Part Name "LABEL_FOR_EVALUATOIN_ONLY_LABEL_FOR_EVALUATION_ONLY_MECHANICAL_LABEL_FOR_EVALUATION_ONLY" is renamed to "LABEL_FOR_EVALUATOIN_ONLY_LABEL".
#38 WARNING(ORCAP-36006): Part Name "LABEL_PB-FREE_V1_LABEL_PB-FREE_8MM_A2N_MECHANICAL_NON_COMPONENT_LABEL_8MM" is renamed to "LABEL_PB-FREE_V1_LABEL_PB-FREE_".
#39 WARNING(ORCAP-36006): Part Name "CONN_HEADER_2X5_P_GRADCON_BB02BS101KA8025B00N_BB02-BS101-KA8-025B00_GRADCON_BB02BS101KA8025B00L,GRADCON_BB02BS101KA8025B00M" is renamed to "CONN_HEADER_2X5_P_GRADCON_BB02B".
#40 WARNING(ORCAP-36006): Part Name "TRANSISTOR_NPN_BEC_CIR_SOT95P237X130-3N_BC846B_SOT95P237X130-3L,SOT95P237X130-3M" is renamed to "TRANSISTOR_NPN_BEC_CIR_SOT95P23".
#41 WARNING(ORCAP-36006): Part Name "RESISTOR_RESC0603X35N_DISCRETE_100K_RESC0603X35L,RESC0603X35M" is renamed to "RESISTOR_RESC0603X35N_DISCRETE_".
#42 WARNING(ORCAP-36006): Part Name "RESISTOR_RESC1005X40A2N_DISCRETE_0_RESC1005X40A2L,RESC1005X40A2M" is renamed to "RESISTOR_RESC1005X40A2N_DISCRET".
#43 WARNING(ORCAP-36006): Part Name "RESISTOR_RESC0603X35N_DISCRETE_2.2K_RESC0603X35L,RESC0603X35M" is renamed to "RESISTOR_RESC0603X35N_DISCRET_1".
#44 WARNING(ORCAP-36006): Part Name "RESISTOR_RESC1005X40N_DISCRETE_680_RESC1005X40L,RESC1005X40M" is renamed to "RESISTOR_RESC1005X40N_DISCRETE_".
#45 WARNING(ORCAP-36006): Part Name "RESISTOR_RESC1005X40N_DISCRETE_270_RESC1005X40L,RESC1005X40M" is renamed to "RESISTOR_RESC1005X40N_DISCRET_1".
#46 WARNING(ORCAP-36006): Part Name "RESISTOR_RESC0603X35N_DISCRETE_0_RESC0603X35L,RESC0603X35M" is renamed to "RESISTOR_RESC0603X35N_DISCRET_2".
#47 WARNING(ORCAP-36006): Part Name "RESISTOR_RESC0603X35N_DISCRETE_10K_RESC0603X35L,RESC0603X35M" is renamed to "RESISTOR_RESC0603X35N_DISCRET_3".
#48 WARNING(ORCAP-36006): Part Name "RESISTOR_RESC0603X35L_DISCRETE_2.2K_RESC0603X35L,RESC0603X35M" is renamed to "RESISTOR_RESC0603X35L_DISCRETE_".
#49 WARNING(ORCAP-36006): Part Name "RESISTOR_RESC1005X40N_DISCRETE_DNM_RESC1005X40L,RESC1005X40M" is renamed to "RESISTOR_RESC1005X40N_DISCRET_2".
#50 WARNING(ORCAP-36006): Part Name "RESISTOR_RESC0603X35N_DISCRETE_200K_RESC0603X35L,RESC0603X35M" is renamed to "RESISTOR_RESC0603X35N_DISCRET_4".
#51 WARNING(ORCAP-36006): Part Name "RESISTOR_RESC0603X35L_DISCRETE_5.1_RESC0603X35L,RESC0603X35M" is renamed to "RESISTOR_RESC0603X35L_DISCRET_1".
#52 WARNING(ORCAP-36006): Part Name "IC_RF_CC13XX_7X7_QFN48_V2_QFNFC50P700X700X80-49CN_(S1+S2)_CC1350F128RGZ_QFNFC50P700X700X80-49CL,QFNFC50P700X700X80-49CM" is renamed to "IC_RF_CC13XX_7X7_QFN48_V2_QFNFC".
#53 WARNING(ORCAP-36042): Pin "VDDR" is renamed to "VDDR#45" as visible power pin of same name already exists in Package IC_RF_CC13XX_7X7_QFN48_V2A , U1A: CC1350, CC1350RF (147.32, 111.76).
#54 WARNING(ORCAP-36042): Pin "VDDR" is renamed to "VDDR#48" as visible power pin of same name already exists in Package IC_RF_CC13XX_7X7_QFN48_V2A , U1A: CC1350, CC1350RF (147.32, 111.76).
#55 WARNING(ORCAP-36006): Part Name "IC_FLASH_MX25R8035F_USON8_SON50P300X200X60-9B2N_IC_MX25R8035FZUIL0_SON50P300X200X60-9B2L,SON50P300X200X60-9B2M" is renamed to "IC_FLASH_MX25R8035F_USON8_SON50".
#56 WARNING(ORCAP-36006): Part Name "IC_PM_TPS22910A_DSBGA4_BGAFC4C50P89X89X50_IC_TPS22910AYZV" is renamed to "IC_PM_TPS22910A_DSBGA4_BGAFC4C5".
#57 WARNING(ORCAP-36006): Part Name "IC_PERIPH_BMP280_XDCR_BMP280N_BMP280" is renamed to "IC_PERIPH_BMP280_XDCR_BMP280N_B".
#58 WARNING(ORCAP-36042): Pin "GND" is renamed to "GND#1" as visible power pin of same name already exists in Package IC_PERIPH_BMP280 , U3: Sensors, Sensors (194.31, 36.83).
#59 WARNING(ORCAP-36042): Pin "GND" is renamed to "GND#7" as visible power pin of same name already exists in Package IC_PERIPH_BMP280 , U3: Sensors, Sensors (194.31, 36.83).
#60 WARNING(ORCAP-36006): Part Name "IC_PERIPH_TMP007_DSBGA8_BGAFC8C50P187X189X63_TMP007" is renamed to "IC_PERIPH_TMP007_DSBGA8_BGAFC8C".
#61 WARNING(ORCAP-36006): Part Name "IC_PERIPH_HDC1000_BGA8_BGAFC8C50P159X204X68_HDC1000YPA" is renamed to "IC_PERIPH_HDC1000_BGA8_BGAFC8C5".
#62 WARNING(ORCAP-36006): Part Name "IC_PERIPH_SPH0641LM4H-1_MIC_SPH0641LM4H-1AN_SPH0641LM4H-1" is renamed to "IC_PERIPH_SPH0641LM4H-1_MIC_SPH".
#63 WARNING(ORCAP-36006): Part Name "IC_PERIPH_OPT3001_SON6_SON65P200X200X65-7N_IC_OPT3001_SON65P200X200X65-7L,SON65P200X200X65-7M" is renamed to "IC_PERIPH_OPT3001_SON6_SON65P20".
#64 WARNING(ORCAP-36006): Part Name "IC_ACC_MPU-9250_QFN24_QFNFC40P300X300X105-25L_MPU-9250_QFNFC40P300X300X105-25L,QFNFC40P300X300X105-25M" is renamed to "IC_ACC_MPU-9250_QFN24_QFNFC40P3".
#65 WARNING(ORCAP-36006): Part Name "IC_PERIPH_DRV5032_SOT23-3_SOT95P237X112-3A2N_IC_DRV5032FBDBZR_SOT95P237X112-3A2L,SOT95P237X112-3A2M" is renamed to "IC_PERIPH_DRV5032_SOT23-3_SOT95".
#66 WARNING(ORCAP-36006): Part Name "CRYSTAL_XTAL_FC-135N_32.768KHZ_XTAL_FC-135L,XTAL_FC-135M" is renamed to "CRYSTAL_XTAL_FC-135N_32.768KHZ_".
#67 WARNING(ORCAP-36006): Part Name "XTAL_4PIN_S_OSCCC250X320X60-4N_24MHZ_OSCCC250X320X60-4L,OSCCC250X320X60-4M" is renamed to "XTAL_4PIN_S_OSCCC250X320X60-4N_".
INFO(ORCAP-36080): Scanning netlist files ...

Loading... C:\KHT\WORK\CC13XX SENSORTAG\MANUFACTURE\CADENCE\ALLEGRO/pstchip.dat

Loading... C:\KHT\WORK\CC13XX SENSORTAG\MANUFACTURE\CADENCE\ALLEGRO/pstchip.dat

Loading... C:\KHT\WORK\CC13XX SENSORTAG\MANUFACTURE\CADENCE\ALLEGRO/pstxprt.dat

Loading... C:\KHT\WORK\CC13XX SENSORTAG\MANUFACTURE\CADENCE\ALLEGRO/pstxnet.dat
packaging the design view...